/usr/lib/jvm/java
Apache Maven 3.0.4 (rNON-CANONICAL_2012-10-24_11-25_mockbuild; 2012-10-24 12:25:04+0100)
Maven home: /usr/share/maven
Java version: 1.7.0_09-icedtea, vendor: Oracle Corporation
Java home: /usr/lib/jvm/java-1.7.0-openjdk-1.7.0.9.x86_64/jre
Default locale: en_GB, platform encoding: UTF-8
OS name: "linux", version: "3.6.9-2.fc17.x86_64", arch: "amd64", family: "unix"
[INFO] Error stacktraces are turned on.
[DEBUG] Reading global settings from /usr/share/maven/conf/settings.xml
[DEBUG] Reading user settings from /home/pantinor/.m2/settings.xml
[DEBUG] Using local repository at /home/pantinor/.m2/repository
[DEBUG] Using manager EnhancedLocalRepositoryManager with priority 10 for /home/pantinor/.m2/repository
[INFO] Scanning for projects...
[DEBUG] Extension realms for project org.apache.maven:standalone-pom:pom:1: (none)
[DEBUG] Looking up lifecyle mappings for packaging pom from ClassRealm[plexus.core, parent: null]
[INFO] ------------------------------------------------------------------------
[INFO] BUILD FAILURE
[INFO] ------------------------------------------------------------------------
[INFO] Total time: 0.119s
[INFO] Finished at: Tue Dec 11 00:10:52 GMT 2012
[INFO] Final Memory: 5M/117M
[INFO] ------------------------------------------------------------------------
[WARNING] The requested profile "build_technical_rules" could not be activated because it does not exist.
[ERROR] The goal you specified requires a project to execute but there is no POM in this directory (/data/repositories/github/guvnor_automated_deployment_example/my_rules). Please verify you invoked Maven from the correct directory. -> [Help 1]
org.apache.maven.lifecycle.MissingProjectException: The goal you specified requires a project to execute but there is no POM in this directory (/data/repositories/github/guvnor_automated_deployment_example/my_rules). Please verify you invoked Maven from the correct directory.
	at org.apache.maven.lifecycle.internal.LifecycleStarter.execute(LifecycleStarter.java:89)
	at org.apache.maven.DefaultMaven.doExecute(DefaultMaven.java:322)
	at org.apache.maven.DefaultMaven.execute(DefaultMaven.java:158)
	at org.apache.maven.cli.MavenCli.execute(MavenCli.java:537)
	at org.apache.maven.cli.MavenCli.doMain(MavenCli.java:196)
	at org.apache.maven.cli.MavenCli.main(MavenCli.java:141)
	at sun.reflect.NativeMethodAccessorImpl.invoke0(Native Method)
	at sun.reflect.NativeMethodAccessorImpl.invoke(NativeMethodAccessorImpl.java:57)
	at sun.reflect.DelegatingMethodAccessorImpl.invoke(DelegatingMethodAccessorImpl.java:43)
	at java.lang.reflect.Method.invoke(Method.java:601)
	at org.codehaus.plexus.classworlds.launcher.Launcher.launchEnhanced(Launcher.java:290)
	at org.codehaus.plexus.classworlds.launcher.Launcher.launch(Launcher.java:230)
	at org.codehaus.plexus.classworlds.launcher.Launcher.mainWithExitCode(Launcher.java:409)
	at org.codehaus.plexus.classworlds.launcher.Launcher.main(Launcher.java:352)
[ERROR] 
[ERROR] 
[ERROR] For more information about the errors and possible solutions, please read the following articles:
[ERROR] [Help 1] http://cwiki.apache.org/confluence/display/MAVEN/MissingProjectException
